# JRE version: OpenJDK Runtime Environment (11.0.12+7) (build 11.0.12+7-b1504.28-7817840)
# Java VM: OpenJDK 64-Bit Server VM (11.0.12+7-b1504.28-7817840, mixed mode, tiered, compressed oops, g1 gc, windows-amd64)
Heap:
 garbage-first heap   total 145408K, used 74620K [0x0000000080000000, 0x0000000100000000)
  region size 1024K, 47 young (48128K), 6 survivors (6144K)
 Metaspace       used 48472K, capacity 49689K, committed 50048K, reserved 1093632K
  class space    used 6213K, capacity 6662K, committed 6784K, reserved 1048576K
GC Heap History (18 events):
Event: 0.903 GC heap before
{Heap before GC invocations=0 (full 0):
 garbage-first heap   total 120832K, used 30720K [0x0000000080000000, 0x0000000100000000)
  region size 1024K, 24 young (24576K), 0 survivors (0K)
 Metaspace       used 10220K, capacity 10427K, committed 10624K, reserved 1058816K
  class space    used 1071K, capacity 1141K, committed 1152K, reserved 1048576K
}
Event: 0.912 GC heap after
{Heap after GC invocations=1 (full 0):
 garbage-first heap   total 120832K, used 9319K [0x0000000080000000, 0x0000000100000000)
  region size 1024K, 3 young (3072K), 3 survivors (3072K)
 Metaspace       used 10220K, capacity 10427K, committed 10624K, reserved 1058816K
  class space    used 1071K, capacity 1141K, committed 1152K, reserved 1048576K
}
Event: 2.595 GC heap before
{Heap before GC invocations=1 (full 0):
 garbage-first heap   total 120832K, used 77927K [0x0000000080000000, 0x0000000100000000)
  region size 1024K, 70 young (71680K), 3 survivors (3072K)
 Metaspace       used 17098K, capacity 17457K, committed 17536K, reserved 1064960K
  class space    used 1982K, capacity 2101K, committed 2176K, reserved 1048576K
}
Event: 2.601 GC heap after
{Heap after GC invocations=2 (full 0):
 garbage-first heap   total 120832K, used 15714K [0x0000000080000000, 0x0000000100000000)
  region size 1024K, 9 young (9216K), 9 survivors (9216K)
 Metaspace       used 17098K, capacity 17457K, committed 17536K, reserved 1064960K
  class space    used 1982K, capacity 2101K, committed 2176K, reserved 1048576K
}
Event: 3.145 GC heap before
{Heap before GC invocations=2 (full 0):
 garbage-first heap   total 120832K, used 50530K [0x0000000080000000, 0x0000000100000000)
  region size 1024K, 44 young (45056K), 9 survivors (9216K)
 Metaspace       used 20748K, capacity 21140K, committed 21248K, reserved 1067008K
  class space    used 2553K, capacity 2713K, committed 2816K, reserved 1048576K
}
Event: 3.154 GC heap after
{Heap after GC invocations=3 (full 0):
 garbage-first heap   total 120832K, used 16924K [0x0000000080000000, 0x0000000100000000)
  region size 1024K, 2 young (2048K), 2 survivors (2048K)
 Metaspace       used 20748K, capacity 21140K, committed 21248K, reserved 1067008K
  class space    used 2553K, capacity 2713K, committed 2816K, reserved 1048576K
}
Event: 4.013 GC heap before
{Heap before GC invocations=4 (full 0):
 garbage-first heap   total 120832K, used 66076K [0x0000000080000000, 0x0000000100000000)
  region size 1024K, 51 young (52224K), 2 survivors (2048K)
 Metaspace       used 26034K, capacity 26555K, committed 26752K, reserved 1073152K
  class space    used 3371K, capacity 3587K, committed 3712K, reserved 1048576K
}
Event: 4.016 GC heap after
{Heap after GC invocations=5 (full 0):
 garbage-first heap   total 120832K, used 18645K [0x0000000080000000, 0x0000000100000000)
  region size 1024K, 4 young (4096K), 4 survivors (4096K)
 Metaspace       used 26034K, capacity 26555K, committed 26752K, reserved 1073152K
  class space    used 3371K, capacity 3587K, committed 3712K, reserved 1048576K
}
Event: 4.953 GC heap before
{Heap before GC invocations=5 (full 0):
 garbage-first heap   total 120832K, used 72917K [0x0000000080000000, 0x0000000100000000)
  region size 1024K, 57 young (58368K), 4 survivors (4096K)
 Metaspace       used 31505K, capacity 32201K, committed 32384K, reserved 1077248K
  class space    used 4219K, capacity 4475K, committed 4480K, reserved 1048576K
}
Event: 4.958 GC heap after
{Heap after GC invocations=6 (full 0):
 garbage-first heap   total 120832K, used 20382K [0x0000000080000000, 0x0000000100000000)
  region size 1024K, 5 young (5120K), 5 survivors (5120K)
 Metaspace       used 31505K, capacity 32201K, committed 32384K, reserved 1077248K
  class space    used 4219K, capacity 4475K, committed 4480K, reserved 1048576K
}
Event: 5.251 GC heap before
{Heap before GC invocations=6 (full 0):
 garbage-first heap   total 120832K, used 28574K [0x0000000080000000, 0x0000000100000000)
  region size 1024K, 14 young (14336K), 5 survivors (5120K)
 Metaspace       used 34925K, capacity 35783K, committed 35840K, reserved 1081344K
  class space    used 4533K, capacity 4839K, committed 4864K, reserved 1048576K
}
Event: 5.262 GC heap after
{Heap after GC invocations=7 (full 0):
 garbage-first heap   total 120832K, used 22037K [0x0000000080000000, 0x0000000100000000)
  region size 1024K, 6 young (6144K), 6 survivors (6144K)
 Metaspace       used 34925K, capacity 35783K, committed 35840K, reserved 1081344K
  class space    used 4533K, capacity 4839K, committed 4864K, reserved 1048576K
}
Event: 5.891 GC heap before
{Heap before GC invocations=8 (full 0):
 garbage-first heap   total 120832K, used 70165K [0x0000000080000000, 0x0000000100000000)
  region size 1024K, 51 young (52224K), 6 survivors (6144K)
 Metaspace       used 39268K, capacity 40204K, committed 40448K, reserved 1085440K
  class space    used 5013K, capacity 5351K, committed 5376K, reserved 1048576K
}
Event: 5.899 GC heap after
{Heap after GC invocations=9 (full 0):
 garbage-first heap   total 120832K, used 26215K [0x0000000080000000, 0x0000000100000000)
  region size 1024K, 7 young (7168K), 7 survivors (7168K)
 Metaspace       used 39268K, capacity 40204K, committed 40448K, reserved 1085440K
  class space    used 5013K, capacity 5351K, committed 5376K, reserved 1048576K
}
Event: 6.562 GC heap before
{Heap before GC invocations=9 (full 0):
 garbage-first heap   total 120832K, used 74343K [0x0000000080000000, 0x0000000100000000)
  region size 1024K, 54 young (55296K), 7 survivors (7168K)
 Metaspace       used 42739K, capacity 43788K, committed 44160K, reserved 1087488K
  class space    used 5523K, capacity 5896K, committed 6016K, reserved 1048576K
}
Event: 6.569 GC heap after
{Heap after GC invocations=10 (full 0):
 garbage-first heap   total 145408K, used 28466K [0x0000000080000000, 0x0000000100000000)
  region size 1024K, 6 young (6144K), 6 survivors (6144K)
 Metaspace       used 42739K, capacity 43788K, committed 44160K, reserved 1087488K
  class space    used 5523K, capacity 5896K, committed 6016K, reserved 1048576K
}
Event: 7.701 GC heap before
{Heap before GC invocations=10 (full 0):
 garbage-first heap   total 145408K, used 89906K [0x0000000080000000, 0x0000000100000000)
  region size 1024K, 65 young (66560K), 6 survivors (6144K)
 Metaspace       used 47495K, capacity 48589K, committed 48768K, reserved 1091584K
  class space    used 6114K, capacity 6516K, committed 6528K, reserved 1048576K
}
Event: 7.709 GC heap after
{Heap after GC invocations=11 (full 0):
 garbage-first heap   total 145408K, used 31612K [0x0000000080000000, 0x0000000100000000)
  region size 1024K, 6 young (6144K), 6 survivors (6144K)
 Metaspace       used 47495K, capacity 48589K, committed 48768K, reserved 1091584K
  class space    used 6114K, capacity 6516K, committed 6528K, reserved 1048576K
}

