# JRE version: OpenJDK Runtime Environment (11.0.12+7) (build 11.0.12+7-b1504.28-7817840)
# Java VM: OpenJDK 64-Bit Server VM (11.0.12+7-b1504.28-7817840, mixed mode, tiered, compressed oops, g1 gc, windows-amd64)
Heap:
 garbage-first heap   total 145408K, used 106730K [0x0000000080000000, 0x0000000100000000)
  region size 1024K, 56 young (57344K), 5 survivors (5120K)
 Metaspace       used 73726K, capacity 75365K, committed 75512K, reserved 1114112K
  class space    used 9583K, capacity 10187K, committed 10232K, reserved 1048576K
GC Heap History (20 events):
Event: 3.667 GC heap before
{Heap before GC invocations=4 (full 0):
 garbage-first heap   total 120832K, used 67615K [0x0000000080000000, 0x0000000100000000)
  region size 1024K, 51 young (52224K), 2 survivors (2048K)
 Metaspace       used 26037K, capacity 26559K, committed 26752K, reserved 1073152K
  class space    used 3373K, capacity 3587K, committed 3712K, reserved 1048576K
}
Event: 3.670 GC heap after
{Heap after GC invocations=5 (full 0):
 garbage-first heap   total 120832K, used 19111K [0x0000000080000000, 0x0000000100000000)
  region size 1024K, 4 young (4096K), 4 survivors (4096K)
 Metaspace       used 26037K, capacity 26559K, committed 26752K, reserved 1073152K
  class space    used 3373K, capacity 3587K, committed 3712K, reserved 1048576K
}
Event: 4.473 GC heap before
{Heap before GC invocations=5 (full 0):
 garbage-first heap   total 120832K, used 73383K [0x0000000080000000, 0x0000000100000000)
  region size 1024K, 57 young (58368K), 4 survivors (4096K)
 Metaspace       used 31824K, capacity 32561K, committed 32768K, reserved 1077248K
  class space    used 4269K, capacity 4553K, committed 4608K, reserved 1048576K
}
Event: 4.477 GC heap after
{Heap after GC invocations=6 (full 0):
 garbage-first heap   total 120832K, used 21071K [0x0000000080000000, 0x0000000100000000)
  region size 1024K, 6 young (6144K), 6 survivors (6144K)
 Metaspace       used 31824K, capacity 32561K, committed 32768K, reserved 1077248K
  class space    used 4269K, capacity 4553K, committed 4608K, reserved 1048576K
}
Event: 4.681 GC heap before
{Heap before GC invocations=6 (full 0):
 garbage-first heap   total 120832K, used 27215K [0x0000000080000000, 0x0000000100000000)
  region size 1024K, 13 young (13312K), 6 survivors (6144K)
 Metaspace       used 34897K, capacity 35659K, committed 35840K, reserved 1081344K
  class space    used 4534K, capacity 4839K, committed 4864K, reserved 1048576K
}
Event: 4.691 GC heap after
{Heap after GC invocations=7 (full 0):
 garbage-first heap   total 120832K, used 22723K [0x0000000080000000, 0x0000000100000000)
  region size 1024K, 6 young (6144K), 6 survivors (6144K)
 Metaspace       used 34897K, capacity 35659K, committed 35840K, reserved 1081344K
  class space    used 4534K, capacity 4839K, committed 4864K, reserved 1048576K
}
Event: 5.419 GC heap before
{Heap before GC invocations=8 (full 0):
 garbage-first heap   total 120832K, used 85187K [0x0000000080000000, 0x0000000100000000)
  region size 1024K, 65 young (66560K), 6 survivors (6144K)
 Metaspace       used 39688K, capacity 40623K, committed 40832K, reserved 1085440K
  class space    used 5091K, capacity 5425K, committed 5504K, reserved 1048576K
}
Event: 5.428 GC heap after
{Heap after GC invocations=9 (full 0):
 garbage-first heap   total 145408K, used 27759K [0x0000000080000000, 0x0000000100000000)
  region size 1024K, 9 young (9216K), 9 survivors (9216K)
 Metaspace       used 39688K, capacity 40623K, committed 40832K, reserved 1085440K
  class space    used 5091K, capacity 5425K, committed 5504K, reserved 1048576K
}
Event: 6.603 GC heap before
{Heap before GC invocations=9 (full 0):
 garbage-first heap   total 145408K, used 98415K [0x0000000080000000, 0x0000000100000000)
  region size 1024K, 78 young (79872K), 9 survivors (9216K)
 Metaspace       used 45958K, capacity 46980K, committed 47104K, reserved 1089536K
  class space    used 5918K, capacity 6318K, committed 6400K, reserved 1048576K
}
Event: 6.611 GC heap after
{Heap after GC invocations=10 (full 0):
 garbage-first heap   total 145408K, used 30368K [0x0000000080000000, 0x0000000100000000)
  region size 1024K, 8 young (8192K), 8 survivors (8192K)
 Metaspace       used 45958K, capacity 46980K, committed 47104K, reserved 1089536K
  class space    used 5918K, capacity 6318K, committed 6400K, reserved 1048576K
}
Event: 8.153 GC heap before
{Heap before GC invocations=10 (full 0):
 garbage-first heap   total 145408K, used 109216K [0x0000000080000000, 0x0000000100000000)
  region size 1024K, 82 young (83968K), 8 survivors (8192K)
 Metaspace       used 48797K, capacity 50043K, committed 50048K, reserved 1093632K
  class space    used 6277K, capacity 6780K, committed 6784K, reserved 1048576K
}
Event: 8.164 GC heap after
{Heap after GC invocations=11 (full 0):
 garbage-first heap   total 145408K, used 42800K [0x0000000080000000, 0x0000000100000000)
  region size 1024K, 11 young (11264K), 11 survivors (11264K)
 Metaspace       used 48797K, capacity 50043K, committed 50048K, reserved 1093632K
  class space    used 6277K, capacity 6780K, committed 6784K, reserved 1048576K
}
Event: 9.685 GC heap before
{Heap before GC invocations=11 (full 0):
 garbage-first heap   total 145408K, used 107312K [0x0000000080000000, 0x0000000100000000)
  region size 1024K, 74 young (75776K), 11 survivors (11264K)
 Metaspace       used 57722K, capacity 59111K, committed 59392K, reserved 1101824K
  class space    used 7321K, capacity 7852K, committed 7936K, reserved 1048576K
}
Event: 9.695 GC heap after
{Heap after GC invocations=12 (full 0):
 garbage-first heap   total 145408K, used 46274K [0x0000000080000000, 0x0000000100000000)
  region size 1024K, 4 young (4096K), 4 survivors (4096K)
 Metaspace       used 57722K, capacity 59111K, committed 59392K, reserved 1101824K
  class space    used 7321K, capacity 7852K, committed 7936K, reserved 1048576K
}
Event: 9.913 GC heap before
{Heap before GC invocations=12 (full 0):
 garbage-first heap   total 145408K, used 51394K [0x0000000080000000, 0x0000000100000000)
  region size 1024K, 10 young (10240K), 4 survivors (4096K)
 Metaspace       used 58452K, capacity 59883K, committed 59904K, reserved 1101824K
  class space    used 7403K, capacity 7933K, committed 7936K, reserved 1048576K
}
Event: 9.918 GC heap after
{Heap after GC invocations=13 (full 0):
 garbage-first heap   total 145408K, used 45896K [0x0000000080000000, 0x0000000100000000)
  region size 1024K, 3 young (3072K), 3 survivors (3072K)
 Metaspace       used 58452K, capacity 59883K, committed 59904K, reserved 1101824K
  class space    used 7403K, capacity 7933K, committed 7936K, reserved 1048576K
}
Event: 11.582 GC heap before
{Heap before GC invocations=14 (full 0):
 garbage-first heap   total 145408K, used 110408K [0x0000000080000000, 0x0000000100000000)
  region size 1024K, 67 young (68608K), 3 survivors (3072K)
 Metaspace       used 65124K, capacity 66547K, committed 66680K, reserved 1107968K
  class space    used 8231K, capacity 8785K, committed 8824K, reserved 1048576K
}
Event: 11.590 GC heap after
{Heap after GC invocations=15 (full 0):
 garbage-first heap   total 145408K, used 51009K [0x0000000080000000, 0x0000000100000000)
  region size 1024K, 8 young (8192K), 8 survivors (8192K)
 Metaspace       used 65124K, capacity 66547K, committed 66680K, reserved 1107968K
  class space    used 8231K, capacity 8785K, committed 8824K, reserved 1048576K
}
Event: 12.697 GC heap before
{Heap before GC invocations=15 (full 0):
 garbage-first heap   total 145408K, used 113473K [0x0000000080000000, 0x0000000100000000)
  region size 1024K, 69 young (70656K), 8 survivors (8192K)
 Metaspace       used 68215K, capacity 69769K, committed 70008K, reserved 1110016K
  class space    used 8664K, capacity 9253K, committed 9336K, reserved 1048576K
}
Event: 12.705 GC heap after
{Heap after GC invocations=16 (full 0):
 garbage-first heap   total 145408K, used 55530K [0x0000000080000000, 0x0000000100000000)
  region size 1024K, 5 young (5120K), 5 survivors (5120K)
 Metaspace       used 68215K, capacity 69769K, committed 70008K, reserved 1110016K
  class space    used 8664K, capacity 9253K, committed 9336K, reserved 1048576K
}

